Using pre-set license
Built from '2020.3/release' branch; Version is '2020.3.7f1 (dd97f2c94397) revision 14522354'; Using compiler version '192528614'; Build Type 'Release'
OS: 'Windows 10 Home; OS build 19043.1288; Version 2009; 64bit' Language: 'en' Physical Memory: 8007 MB
BatchMode: 1, IsHumanControllingUs: 0, StartBugReporterOnCrash: 0, Is64bit: 1, IsPro: 0

 COMMAND LINE ARGUMENTS:
C:\Program Files\Unity\Hub\Editor\2020.3.7f1\Editor\Unity.exe
-adb2
-batchMode
-noUpm
-name
AssetImportWorker1
-projectPath
C:/Users/Gary/Documents/GitHub/Data-Persistence-Project
-logFile
Logs/AssetImportWorker1.log
-srvPort
57602
Successfully changed project path to: C:/Users/Gary/Documents/GitHub/Data-Persistence-Project
C:/Users/Gary/Documents/GitHub/Data-Persistence-Project
Using Asset Import Pipeline V2.
Refreshing native plugins compatible for Editor in 352.86 ms, found 0 plugins.
Preloading 0 native plugins for Editor in 0.00 ms.
Initialize engine version: 2020.3.7f1 (dd97f2c94397)
[Subsystems] Discovering subsystems at path C:/Program Files/Unity/Hub/Editor/2020.3.7f1/Editor/Data/Resources/UnitySubsystems
[Subsystems] Discovering subsystems at path C:/Users/Gary/Documents/GitHub/Data-Persistence-Project/Assets
GfxDevice: creating device client; threaded=0
Direct3D:
    Version:  Direct3D 11.0 [level 11.1]
    Renderer: Intel(R) HD Graphics 620 (ID=0x5916)
    Vendor:   
    VRAM:     4003 MB
    Driver:   22.20.16.4836
Shader 'Universal Render Pipeline/Particles/Lit': fallback shader 'Universal Render Pipeline/Particles/SimpleLit' not found
Initialize mono
Mono path[0] = 'C:/Program Files/Unity/Hub/Editor/2020.3.7f1/Editor/Data/Managed'
Mono path[1] = 'C:/Program Files/Unity/Hub/Editor/2020.3.7f1/Editor/Data/MonoBleedingEdge/lib/mono/unityjit'
Mono config path = 'C:/Program Files/Unity/Hub/Editor/2020.3.7f1/Editor/Data/MonoBleedingEdge/etc'
Using monoOptions --debugger-agent=transport=dt_socket,embedding=1,server=y,suspend=n,address=127.0.0.1:56168
Begin MonoManager ReloadAssembly
Registering precompiled unity dll's ...
Register platform support module: C:/Program Files/Unity/Hub/Editor/2020.3.7f1/Editor/Data/PlaybackEngines/WindowsStandaloneSupport/UnityEditor.WindowsStandalone.Extensions.dll
Registered in 0.004830 seconds.
Native extension for WindowsStandalone target not found
Refreshing native plugins compatible for Editor in 116.20 ms, found 0 plugins.
Preloading 0 native plugins for Editor in 0.00 ms.
Mono: successfully reloaded assembly
- Completed reload, in  2.575 seconds
Platform modules already initialized, skipping
Registering precompiled user dll's ...
Registered in 0.003451 seconds.
Begin MonoManager ReloadAssembly
Native extension for WindowsStandalone target not found
Refreshing native plugins compatible for Editor in 98.56 ms, found 0 plugins.
Preloading 0 native plugins for Editor in 0.00 ms.
Mono: successfully reloaded assembly
- Completed reload, in  2.322 seconds
Platform modules already initialized, skipping
========================================================================
Worker process is ready to serve import requests
Shader 'Universal Render Pipeline/Particles/Lit': fallback shader 'Universal Render Pipeline/Particles/SimpleLit' not found
Launched and connected shader compiler UnityShaderCompiler.exe after 0.09 seconds
Refreshing native plugins compatible for Editor in 1.02 ms, found 0 plugins.
Preloading 0 native plugins for Editor in 0.00 ms.
Unloading 2424 Unused Serialized files (Serialized files now loaded: 0)
System memory in use before: 113.9 MB.
System memory in use after: 114.1 MB.

Unloading 10 unused Assets to reduce memory usage. Loaded Objects now: 2866.
Total: 4.926600 ms (FindLiveObjects: 0.478300 ms CreateObjectMapping: 0.372600 ms MarkObjects: 3.950700 ms  DeleteObjects: 0.122800 ms)

========================================================================
Received Import Request.
  path: Assets/Scripts/StartMenuUIHandler.cs
  artifactKey: Guid(5fc3ff95fe2f7be4ba10f5b8dbbf3bce) Importer(815301076,1909f56bfc062723c751e8b465ee728b)
Start importing Assets/Scripts/StartMenuUIHandler.cs using Guid(5fc3ff95fe2f7be4ba10f5b8dbbf3bce) Importer(815301076,1909f56bfc062723c751e8b465ee728b)  -> (artifact id: '900eb942d041e3f0e734acc85d5300e2') in 0.089346 seconds
  Import took 0.098812 seconds .

========================================================================
Received Prepare
Shader 'Universal Render Pipeline/Particles/Lit': fallback shader 'Universal Render Pipeline/Particles/SimpleLit' not found
Refreshing native plugins compatible for Editor in 3.97 ms, found 0 plugins.
Preloading 0 native plugins for Editor in 0.00 ms.
Unloading 3 Unused Serialized files (Serialized files now loaded: 0)
System memory in use before: 61.1 MB.
System memory in use after: 61.3 MB.

Unloading 3 unused Assets to reduce memory usage. Loaded Objects now: 2866.
Total: 6.851600 ms (FindLiveObjects: 0.442500 ms CreateObjectMapping: 0.249600 ms MarkObjects: 6.053800 ms  DeleteObjects: 0.103200 ms)

========================================================================
Received Prepare
Registering precompiled user dll's ...
Registered in 0.002870 seconds.
Begin MonoManager ReloadAssembly
Native extension for WindowsStandalone target not found
Refreshing native plugins compatible for Editor in 0.69 ms, found 0 plugins.
Preloading 0 native plugins for Editor in 0.00 ms.
Mono: successfully reloaded assembly
- Completed reload, in  1.771 seconds
Platform modules already initialized, skipping
Shader 'Universal Render Pipeline/Particles/Lit': fallback shader 'Universal Render Pipeline/Particles/SimpleLit' not found
Refreshing native plugins compatible for Editor in 0.77 ms, found 0 plugins.
Preloading 0 native plugins for Editor in 0.00 ms.
Unloading 2315 Unused Serialized files (Serialized files now loaded: 0)
System memory in use before: 107.0 MB.
System memory in use after: 107.2 MB.

Unloading 5 unused Assets to reduce memory usage. Loaded Objects now: 2869.
Total: 4.739700 ms (FindLiveObjects: 0.665200 ms CreateObjectMapping: 0.227900 ms MarkObjects: 3.818400 ms  DeleteObjects: 0.025300 ms)

========================================================================
Received Prepare
Registering precompiled user dll's ...
Registered in 0.002783 seconds.
Begin MonoManager ReloadAssembly
Native extension for WindowsStandalone target not found
Refreshing native plugins compatible for Editor in 0.78 ms, found 0 plugins.
Preloading 0 native plugins for Editor in 0.00 ms.
Mono: successfully reloaded assembly
- Completed reload, in  2.118 seconds
Platform modules already initialized, skipping
Shader 'Universal Render Pipeline/Particles/Lit': fallback shader 'Universal Render Pipeline/Particles/SimpleLit' not found
Refreshing native plugins compatible for Editor in 1.08 ms, found 0 plugins.
Preloading 0 native plugins for Editor in 0.00 ms.
Unloading 2315 Unused Serialized files (Serialized files now loaded: 0)
System memory in use before: 107.1 MB.
System memory in use after: 107.3 MB.

Unloading 5 unused Assets to reduce memory usage. Loaded Objects now: 2872.
Total: 3.706000 ms (FindLiveObjects: 0.415400 ms CreateObjectMapping: 0.213900 ms MarkObjects: 3.046600 ms  DeleteObjects: 0.026900 ms)

========================================================================
Received Import Request.
  Time since last request: 2277.642089 seconds.
  path: Assets/Scripts/HighScoreManager.cs
  artifactKey: Guid(a2eda3e61f26f7448b836062da4bf09f) Importer(815301076,1909f56bfc062723c751e8b465ee728b)
Start importing Assets/Scripts/HighScoreManager.cs using Guid(a2eda3e61f26f7448b836062da4bf09f) Importer(815301076,1909f56bfc062723c751e8b465ee728b)  -> (artifact id: 'da68d08da05198bc1d2b78c6c7a19c44') in 0.055578 seconds
  Import took 0.067451 seconds .

========================================================================
Received Prepare
Registering precompiled user dll's ...
Registered in 0.001652 seconds.
Begin MonoManager ReloadAssembly
Native extension for WindowsStandalone target not found
Refreshing native plugins compatible for Editor in 1.34 ms, found 0 plugins.
Preloading 0 native plugins for Editor in 0.00 ms.
Mono: successfully reloaded assembly
- Completed reload, in  1.936 seconds
Platform modules already initialized, skipping
Shader 'Universal Render Pipeline/Particles/Lit': fallback shader 'Universal Render Pipeline/Particles/SimpleLit' not found
Refreshing native plugins compatible for Editor in 0.81 ms, found 0 plugins.
Preloading 0 native plugins for Editor in 0.00 ms.
Unloading 2316 Unused Serialized files (Serialized files now loaded: 0)
System memory in use before: 107.1 MB.
System memory in use after: 107.3 MB.

Unloading 5 unused Assets to reduce memory usage. Loaded Objects now: 2876.
Total: 4.724300 ms (FindLiveObjects: 0.458800 ms CreateObjectMapping: 0.196900 ms MarkObjects: 4.033400 ms  DeleteObjects: 0.032500 ms)

========================================================================
Received Import Request.
  Time since last request: 1656.139488 seconds.
  path: Assets/Scripts/HighScoreManager.cs
  artifactKey: Guid(a2eda3e61f26f7448b836062da4bf09f) Importer(815301076,1909f56bfc062723c751e8b465ee728b)
Start importing Assets/Scripts/HighScoreManager.cs using Guid(a2eda3e61f26f7448b836062da4bf09f) Importer(815301076,1909f56bfc062723c751e8b465ee728b)  -> (artifact id: 'be9c097e8ba0527aed9bff3258882b4a') in 0.016525 seconds
  Import took 0.026023 seconds .

